
[31merror[39m  - 04-03-2023 21:14:33:1433 : [31mInvalid scheme, expected connection string to start with "mongodb://" or "mongodb+srv://"[39m MongoParseError: Invalid scheme, expected connection string to start with "mongodb://" or "mongodb+srv://"
    at new ConnectionString (C:\Users\ethan\OneDrive\Documents\New folder (2)\node_modules\mongodb-connection-string-url\lib\index.js:86:19)
    at parseOptions (C:\Users\ethan\OneDrive\Documents\New folder (2)\node_modules\mongodb\lib\connection_string.js:201:17)
    at new MongoClient (C:\Users\ethan\OneDrive\Documents\New folder (2)\node_modules\mongodb\lib\mongo_client.js:46:63)
    at C:\Users\ethan\OneDrive\Documents\New folder (2)\node_modules\mongoose\lib\connection.js:802:16
    at new Promise (<anonymous>)
    at Connection.openUri (C:\Users\ethan\OneDrive\Documents\New folder (2)\node_modules\mongoose\lib\connection.js:799:19)
    at C:\Users\ethan\OneDrive\Documents\New folder (2)\node_modules\mongoose\lib\index.js:414:10
    at C:\Users\ethan\OneDrive\Documents\New folder (2)\node_modules\mongoose\lib\helpers\promiseOrCallback.js:41:5
    at new Promise (<anonymous>)
    at promiseOrCallback (C:\Users\ethan\OneDrive\Documents\New folder (2)\node_modules\mongoose\lib\helpers\promiseOrCallback.js:40:10)
[31merror[39m  - 04-03-2023 21:14:36:1436 : [31mInvalid scheme, expected connection string to start with "mongodb://" or "mongodb+srv://"[39m MongoParseError: Invalid scheme, expected connection string to start with "mongodb://" or "mongodb+srv://"
    at new ConnectionString (C:\Users\ethan\OneDrive\Documents\New folder (2)\node_modules\mongodb-connection-string-url\lib\index.js:86:19)
    at parseOptions (C:\Users\ethan\OneDrive\Documents\New folder (2)\node_modules\mongodb\lib\connection_string.js:201:17)
    at new MongoClient (C:\Users\ethan\OneDrive\Documents\New folder (2)\node_modules\mongodb\lib\mongo_client.js:46:63)
    at C:\Users\ethan\OneDrive\Documents\New folder (2)\node_modules\mongoose\lib\connection.js:802:16
    at new Promise (<anonymous>)
    at Connection.openUri (C:\Users\ethan\OneDrive\Documents\New folder (2)\node_modules\mongoose\lib\connection.js:799:19)
    at C:\Users\ethan\OneDrive\Documents\New folder (2)\node_modules\mongoose\lib\index.js:414:10
    at C:\Users\ethan\OneDrive\Documents\New folder (2)\node_modules\mongoose\lib\helpers\promiseOrCallback.js:41:5
    at new Promise (<anonymous>)
    at promiseOrCallback (C:\Users\ethan\OneDrive\Documents\New folder (2)\node_modules\mongoose\lib\helpers\promiseOrCallback.js:40:10)
[31merror[39m  - 04-03-2023 21:14:40:1440 : [31mInvalid scheme, expected connection string to start with "mongodb://" or "mongodb+srv://"[39m MongoParseError: Invalid scheme, expected connection string to start with "mongodb://" or "mongodb+srv://"
    at new ConnectionString (C:\Users\ethan\OneDrive\Documents\New folder (2)\node_modules\mongodb-connection-string-url\lib\index.js:86:19)
    at parseOptions (C:\Users\ethan\OneDrive\Documents\New folder (2)\node_modules\mongodb\lib\connection_string.js:201:17)
    at new MongoClient (C:\Users\ethan\OneDrive\Documents\New folder (2)\node_modules\mongodb\lib\mongo_client.js:46:63)
    at C:\Users\ethan\OneDrive\Documents\New folder (2)\node_modules\mongoose\lib\connection.js:802:16
    at new Promise (<anonymous>)
    at Connection.openUri (C:\Users\ethan\OneDrive\Documents\New folder (2)\node_modules\mongoose\lib\connection.js:799:19)
    at C:\Users\ethan\OneDrive\Documents\New folder (2)\node_modules\mongoose\lib\index.js:414:10
    at C:\Users\ethan\OneDrive\Documents\New folder (2)\node_modules\mongoose\lib\helpers\promiseOrCallback.js:41:5
    at new Promise (<anonymous>)
    at promiseOrCallback (C:\Users\ethan\OneDrive\Documents\New folder (2)\node_modules\mongoose\lib\helpers\promiseOrCallback.js:40:10)
[31merror[39m  - 04-03-2023 21:14:43:1443 : [31mInvalid scheme, expected connection string to start with "mongodb://" or "mongodb+srv://"[39m MongoParseError: Invalid scheme, expected connection string to start with "mongodb://" or "mongodb+srv://"
    at new ConnectionString (C:\Users\ethan\OneDrive\Documents\New folder (2)\node_modules\mongodb-connection-string-url\lib\index.js:86:19)
    at parseOptions (C:\Users\ethan\OneDrive\Documents\New folder (2)\node_modules\mongodb\lib\connection_string.js:201:17)
    at new MongoClient (C:\Users\ethan\OneDrive\Documents\New folder (2)\node_modules\mongodb\lib\mongo_client.js:46:63)
    at C:\Users\ethan\OneDrive\Documents\New folder (2)\node_modules\mongoose\lib\connection.js:802:16
    at new Promise (<anonymous>)
    at Connection.openUri (C:\Users\ethan\OneDrive\Documents\New folder (2)\node_modules\mongoose\lib\connection.js:799:19)
    at C:\Users\ethan\OneDrive\Documents\New folder (2)\node_modules\mongoose\lib\index.js:414:10
    at C:\Users\ethan\OneDrive\Documents\New folder (2)\node_modules\mongoose\lib\helpers\promiseOrCallback.js:41:5
    at new Promise (<anonymous>)
    at promiseOrCallback (C:\Users\ethan\OneDrive\Documents\New folder (2)\node_modules\mongoose\lib\helpers\promiseOrCallback.js:40:10)
[31merror[39m  - 04-03-2023 21:14:46:1446 : [31mInvalid scheme, expected connection string to start with "mongodb://" or "mongodb+srv://"[39m MongoParseError: Invalid scheme, expected connection string to start with "mongodb://" or "mongodb+srv://"
    at new ConnectionString (C:\Users\ethan\OneDrive\Documents\New folder (2)\node_modules\mongodb-connection-string-url\lib\index.js:86:19)
    at parseOptions (C:\Users\ethan\OneDrive\Documents\New folder (2)\node_modules\mongodb\lib\connection_string.js:201:17)
    at new MongoClient (C:\Users\ethan\OneDrive\Documents\New folder (2)\node_modules\mongodb\lib\mongo_client.js:46:63)
    at C:\Users\ethan\OneDrive\Documents\New folder (2)\node_modules\mongoose\lib\connection.js:802:16
    at new Promise (<anonymous>)
    at Connection.openUri (C:\Users\ethan\OneDrive\Documents\New folder (2)\node_modules\mongoose\lib\connection.js:799:19)
    at C:\Users\ethan\OneDrive\Documents\New folder (2)\node_modules\mongoose\lib\index.js:414:10
    at C:\Users\ethan\OneDrive\Documents\New folder (2)\node_modules\mongoose\lib\helpers\promiseOrCallback.js:41:5
    at new Promise (<anonymous>)
    at promiseOrCallback (C:\Users\ethan\OneDrive\Documents\New folder (2)\node_modules\mongoose\lib\helpers\promiseOrCallback.js:40:10)
[31merror[39m  - 04-03-2023 21:14:49:1449 : [31mInvalid scheme, expected connection string to start with "mongodb://" or "mongodb+srv://"[39m MongoParseError: Invalid scheme, expected connection string to start with "mongodb://" or "mongodb+srv://"
    at new ConnectionString (C:\Users\ethan\OneDrive\Documents\New folder (2)\node_modules\mongodb-connection-string-url\lib\index.js:86:19)
    at parseOptions (C:\Users\ethan\OneDrive\Documents\New folder (2)\node_modules\mongodb\lib\connection_string.js:201:17)
    at new MongoClient (C:\Users\ethan\OneDrive\Documents\New folder (2)\node_modules\mongodb\lib\mongo_client.js:46:63)
    at C:\Users\ethan\OneDrive\Documents\New folder (2)\node_modules\mongoose\lib\connection.js:802:16
    at new Promise (<anonymous>)
    at Connection.openUri (C:\Users\ethan\OneDrive\Documents\New folder (2)\node_modules\mongoose\lib\connection.js:799:19)
    at C:\Users\ethan\OneDrive\Documents\New folder (2)\node_modules\mongoose\lib\index.js:414:10
    at C:\Users\ethan\OneDrive\Documents\New folder (2)\node_modules\mongoose\lib\helpers\promiseOrCallback.js:41:5
    at new Promise (<anonymous>)
    at promiseOrCallback (C:\Users\ethan\OneDrive\Documents\New folder (2)\node_modules\mongoose\lib\helpers\promiseOrCallback.js:40:10)
[31merror[39m  - 04-03-2023 21:14:52:1452 : [31mInvalid scheme, expected connection string to start with "mongodb://" or "mongodb+srv://"[39m MongoParseError: Invalid scheme, expected connection string to start with "mongodb://" or "mongodb+srv://"
    at new ConnectionString (C:\Users\ethan\OneDrive\Documents\New folder (2)\node_modules\mongodb-connection-string-url\lib\index.js:86:19)
    at parseOptions (C:\Users\ethan\OneDrive\Documents\New folder (2)\node_modules\mongodb\lib\connection_string.js:201:17)
    at new MongoClient (C:\Users\ethan\OneDrive\Documents\New folder (2)\node_modules\mongodb\lib\mongo_client.js:46:63)
    at C:\Users\ethan\OneDrive\Documents\New folder (2)\node_modules\mongoose\lib\connection.js:802:16
    at new Promise (<anonymous>)
    at Connection.openUri (C:\Users\ethan\OneDrive\Documents\New folder (2)\node_modules\mongoose\lib\connection.js:799:19)
    at C:\Users\ethan\OneDrive\Documents\New folder (2)\node_modules\mongoose\lib\index.js:414:10
    at C:\Users\ethan\OneDrive\Documents\New folder (2)\node_modules\mongoose\lib\helpers\promiseOrCallback.js:41:5
    at new Promise (<anonymous>)
    at promiseOrCallback (C:\Users\ethan\OneDrive\Documents\New folder (2)\node_modules\mongoose\lib\helpers\promiseOrCallback.js:40:10)
[31merror[39m  - 04-03-2023 21:14:56:1456 : [31mInvalid scheme, expected connection string to start with "mongodb://" or "mongodb+srv://"[39m MongoParseError: Invalid scheme, expected connection string to start with "mongodb://" or "mongodb+srv://"
    at new ConnectionString (C:\Users\ethan\OneDrive\Documents\New folder (2)\node_modules\mongodb-connection-string-url\lib\index.js:86:19)
    at parseOptions (C:\Users\ethan\OneDrive\Documents\New folder (2)\node_modules\mongodb\lib\connection_string.js:201:17)
    at new MongoClient (C:\Users\ethan\OneDrive\Documents\New folder (2)\node_modules\mongodb\lib\mongo_client.js:46:63)
    at C:\Users\ethan\OneDrive\Documents\New folder (2)\node_modules\mongoose\lib\connection.js:802:16
    at new Promise (<anonymous>)
    at Connection.openUri (C:\Users\ethan\OneDrive\Documents\New folder (2)\node_modules\mongoose\lib\connection.js:799:19)
    at C:\Users\ethan\OneDrive\Documents\New folder (2)\node_modules\mongoose\lib\index.js:414:10
    at C:\Users\ethan\OneDrive\Documents\New folder (2)\node_modules\mongoose\lib\helpers\promiseOrCallback.js:41:5
    at new Promise (<anonymous>)
    at promiseOrCallback (C:\Users\ethan\OneDrive\Documents\New folder (2)\node_modules\mongoose\lib\helpers\promiseOrCallback.js:40:10)
[31merror[39m  - 04-03-2023 21:14:59:1459 : [31mInvalid scheme, expected connection string to start with "mongodb://" or "mongodb+srv://"[39m MongoParseError: Invalid scheme, expected connection string to start with "mongodb://" or "mongodb+srv://"
    at new ConnectionString (C:\Users\ethan\OneDrive\Documents\New folder (2)\node_modules\mongodb-connection-string-url\lib\index.js:86:19)
    at parseOptions (C:\Users\ethan\OneDrive\Documents\New folder (2)\node_modules\mongodb\lib\connection_string.js:201:17)
    at new MongoClient (C:\Users\ethan\OneDrive\Documents\New folder (2)\node_modules\mongodb\lib\mongo_client.js:46:63)
    at C:\Users\ethan\OneDrive\Documents\New folder (2)\node_modules\mongoose\lib\connection.js:802:16
    at new Promise (<anonymous>)
    at Connection.openUri (C:\Users\ethan\OneDrive\Documents\New folder (2)\node_modules\mongoose\lib\connection.js:799:19)
    at C:\Users\ethan\OneDrive\Documents\New folder (2)\node_modules\mongoose\lib\index.js:414:10
    at C:\Users\ethan\OneDrive\Documents\New folder (2)\node_modules\mongoose\lib\helpers\promiseOrCallback.js:41:5
    at new Promise (<anonymous>)
    at promiseOrCallback (C:\Users\ethan\OneDrive\Documents\New folder (2)\node_modules\mongoose\lib\helpers\promiseOrCallback.js:40:10)
[31merror[39m  - 04-03-2023 21:15:02:152 : [31mInvalid scheme, expected connection string to start with "mongodb://" or "mongodb+srv://"[39m MongoParseError: Invalid scheme, expected connection string to start with "mongodb://" or "mongodb+srv://"
    at new ConnectionString (C:\Users\ethan\OneDrive\Documents\New folder (2)\node_modules\mongodb-connection-string-url\lib\index.js:86:19)
    at parseOptions (C:\Users\ethan\OneDrive\Documents\New folder (2)\node_modules\mongodb\lib\connection_string.js:201:17)
    at new MongoClient (C:\Users\ethan\OneDrive\Documents\New folder (2)\node_modules\mongodb\lib\mongo_client.js:46:63)
    at C:\Users\ethan\OneDrive\Documents\New folder (2)\node_modules\mongoose\lib\connection.js:802:16
    at new Promise (<anonymous>)
    at Connection.openUri (C:\Users\ethan\OneDrive\Documents\New folder (2)\node_modules\mongoose\lib\connection.js:799:19)
    at C:\Users\ethan\OneDrive\Documents\New folder (2)\node_modules\mongoose\lib\index.js:414:10
    at C:\Users\ethan\OneDrive\Documents\New folder (2)\node_modules\mongoose\lib\helpers\promiseOrCallback.js:41:5
    at new Promise (<anonymous>)
    at promiseOrCallback (C:\Users\ethan\OneDrive\Documents\New folder (2)\node_modules\mongoose\lib\helpers\promiseOrCallback.js:40:10)
[31merror[39m  - 04-03-2023 21:15:05:155 : [31mInvalid scheme, expected connection string to start with "mongodb://" or "mongodb+srv://"[39m MongoParseError: Invalid scheme, expected connection string to start with "mongodb://" or "mongodb+srv://"
    at new ConnectionString (C:\Users\ethan\OneDrive\Documents\New folder (2)\node_modules\mongodb-connection-string-url\lib\index.js:86:19)
    at parseOptions (C:\Users\ethan\OneDrive\Documents\New folder (2)\node_modules\mongodb\lib\connection_string.js:201:17)
    at new MongoClient (C:\Users\ethan\OneDrive\Documents\New folder (2)\node_modules\mongodb\lib\mongo_client.js:46:63)
    at C:\Users\ethan\OneDrive\Documents\New folder (2)\node_modules\mongoose\lib\connection.js:802:16
    at new Promise (<anonymous>)
    at Connection.openUri (C:\Users\ethan\OneDrive\Documents\New folder (2)\node_modules\mongoose\lib\connection.js:799:19)
    at C:\Users\ethan\OneDrive\Documents\New folder (2)\node_modules\mongoose\lib\index.js:414:10
    at C:\Users\ethan\OneDrive\Documents\New folder (2)\node_modules\mongoose\lib\helpers\promiseOrCallback.js:41:5
    at new Promise (<anonymous>)
    at promiseOrCallback (C:\Users\ethan\OneDrive\Documents\New folder (2)\node_modules\mongoose\lib\helpers\promiseOrCallback.js:40:10)
[31merror[39m  - 04-03-2023 21:15:08:158 : [31mInvalid scheme, expected connection string to start with "mongodb://" or "mongodb+srv://"[39m MongoParseError: Invalid scheme, expected connection string to start with "mongodb://" or "mongodb+srv://"
    at new ConnectionString (C:\Users\ethan\OneDrive\Documents\New folder (2)\node_modules\mongodb-connection-string-url\lib\index.js:86:19)
    at parseOptions (C:\Users\ethan\OneDrive\Documents\New folder (2)\node_modules\mongodb\lib\connection_string.js:201:17)
    at new MongoClient (C:\Users\ethan\OneDrive\Documents\New folder (2)\node_modules\mongodb\lib\mongo_client.js:46:63)
    at C:\Users\ethan\OneDrive\Documents\New folder (2)\node_modules\mongoose\lib\connection.js:802:16
    at new Promise (<anonymous>)
    at Connection.openUri (C:\Users\ethan\OneDrive\Documents\New folder (2)\node_modules\mongoose\lib\connection.js:799:19)
    at C:\Users\ethan\OneDrive\Documents\New folder (2)\node_modules\mongoose\lib\index.js:414:10
    at C:\Users\ethan\OneDrive\Documents\New folder (2)\node_modules\mongoose\lib\helpers\promiseOrCallback.js:41:5
    at new Promise (<anonymous>)
    at promiseOrCallback (C:\Users\ethan\OneDrive\Documents\New folder (2)\node_modules\mongoose\lib\helpers\promiseOrCallback.js:40:10)
[31merror[39m  - 04-03-2023 21:15:12:1512 : [31mInvalid scheme, expected connection string to start with "mongodb://" or "mongodb+srv://"[39m MongoParseError: Invalid scheme, expected connection string to start with "mongodb://" or "mongodb+srv://"
    at new ConnectionString (C:\Users\ethan\OneDrive\Documents\New folder (2)\node_modules\mongodb-connection-string-url\lib\index.js:86:19)
    at parseOptions (C:\Users\ethan\OneDrive\Documents\New folder (2)\node_modules\mongodb\lib\connection_string.js:201:17)
    at new MongoClient (C:\Users\ethan\OneDrive\Documents\New folder (2)\node_modules\mongodb\lib\mongo_client.js:46:63)
    at C:\Users\ethan\OneDrive\Documents\New folder (2)\node_modules\mongoose\lib\connection.js:802:16
    at new Promise (<anonymous>)
    at Connection.openUri (C:\Users\ethan\OneDrive\Documents\New folder (2)\node_modules\mongoose\lib\connection.js:799:19)
    at C:\Users\ethan\OneDrive\Documents\New folder (2)\node_modules\mongoose\lib\index.js:414:10
    at C:\Users\ethan\OneDrive\Documents\New folder (2)\node_modules\mongoose\lib\helpers\promiseOrCallback.js:41:5
    at new Promise (<anonymous>)
    at promiseOrCallback (C:\Users\ethan\OneDrive\Documents\New folder (2)\node_modules\mongoose\lib\helpers\promiseOrCallback.js:40:10)
[31merror[39m  - 04-03-2023 21:15:53:1553 : [31mInvalid scheme, expected connection string to start with "mongodb://" or "mongodb+srv://"[39m MongoParseError: Invalid scheme, expected connection string to start with "mongodb://" or "mongodb+srv://"
    at new ConnectionString (C:\Users\ethan\OneDrive\Documents\New folder (2)\node_modules\mongodb-connection-string-url\lib\index.js:86:19)
    at parseOptions (C:\Users\ethan\OneDrive\Documents\New folder (2)\node_modules\mongodb\lib\connection_string.js:201:17)
    at new MongoClient (C:\Users\ethan\OneDrive\Documents\New folder (2)\node_modules\mongodb\lib\mongo_client.js:46:63)
    at C:\Users\ethan\OneDrive\Documents\New folder (2)\node_modules\mongoose\lib\connection.js:802:16
    at new Promise (<anonymous>)
    at Connection.openUri (C:\Users\ethan\OneDrive\Documents\New folder (2)\node_modules\mongoose\lib\connection.js:799:19)
    at C:\Users\ethan\OneDrive\Documents\New folder (2)\node_modules\mongoose\lib\index.js:414:10
    at C:\Users\ethan\OneDrive\Documents\New folder (2)\node_modules\mongoose\lib\helpers\promiseOrCallback.js:41:5
    at new Promise (<anonymous>)
    at promiseOrCallback (C:\Users\ethan\OneDrive\Documents\New folder (2)\node_modules\mongoose\lib\helpers\promiseOrCallback.js:40:10)
[36minfo[39m  - 04-03-2023 21:16:29:1629 : [36mconnected to the database successfully[39m 
[36minfo[39m  - 04-03-2023 21:16:29:1629 : [36mLogged in as Testbot. Ready on 0 servers, for a total of 1 users[39m 
[37mdebug[39m  - 04-03-2023 21:16:29:1629 : [37mRefreshing slash commands...[39m 
[37mdebug[39m  - 04-03-2023 21:16:29:1629 : [37mRefreshing slash commands...[39m 
[37mdebug[39m  - 04-03-2023 21:16:30:1630 : [37mSuccessfully reloaded slash commands.[39m 
[37mdebug[39m  - 04-03-2023 21:16:30:1630 : [37mSuccessfully reloaded slash commands.[39m 
[36minfo[39m  - 04-03-2023 21:21:25:2125 : [36mconnected to the database successfully[39m 
[36minfo[39m  - 04-03-2023 21:21:25:2125 : [36mLogged in as Testbot. Ready on 1 servers, for a total of 1 users[39m 
[37mdebug[39m  - 04-03-2023 21:21:25:2125 : [37mRefreshing slash commands...[39m 
[37mdebug[39m  - 04-03-2023 21:21:25:2125 : [37mRefreshing slash commands...[39m 
[37mdebug[39m  - 04-03-2023 21:21:25:2125 : [37mSuccessfully reloaded slash commands.[39m 
[37mdebug[39m  - 04-03-2023 21:21:26:2126 : [37mSuccessfully reloaded slash commands.[39m 
[36minfo[39m  - 04-03-2023 21:32:13:3213 : [36mLogged in as Testbot. Ready on 1 servers, for a total of 1 users[39m 
[37mdebug[39m  - 04-03-2023 21:32:13:3213 : [37mRefreshing slash commands...[39m 
[37mdebug[39m  - 04-03-2023 21:32:13:3213 : [37mRefreshing slash commands...[39m 
[36minfo[39m  - 04-03-2023 21:32:13:3213 : [36mconnected to the database successfully[39m 
[37mdebug[39m  - 04-03-2023 21:32:14:3214 : [37mSuccessfully reloaded slash commands.[39m 
[37mdebug[39m  - 04-03-2023 21:32:14:3214 : [37mSuccessfully reloaded slash commands.[39m 
